<?xml version="1.0" encoding="UTF-8"?>
<!-- Generated by org.testng.reporters.JUnitXMLReporter -->
<testsuite ignored="0" hostname="DESKTOP-U8HQR51" failures="1" tests="4" name="Test" time="116.76" errors="0" timestamp="2023-04-18T17:50:23 IST">
  <testcase classname="TestScripts.Test_Scripts_1" name="changeUserName" time="17.685"/>
  <testcase classname="TestScripts.Test_Scripts_1" name="scannVechile" time="21.691"/>
  <testcase classname="TestScripts.Test_Scripts_1" name="startDelivery" time="31.98"/>
  <testcase classname="TestScripts.Test_Scripts_1" name="completeEntireDeliver" time="43.521">
    <failure type="org.openqa.selenium.NoSuchElementException" message="An element could not be located on the page using the given search parameters.
For documentation on this error, please visit: https://selenium.dev/exceptions/#no_such_element
Build info: version: &amp;apos;4.8.3&amp;apos;, revision: &amp;apos;e5e76298c3&amp;apos;
System info: os.name: &amp;apos;Windows 10&amp;apos;, os.arch: &amp;apos;amd64&amp;apos;, os.version: &amp;apos;10.0&amp;apos;, java.version: &amp;apos;17.0.6&amp;apos;
Driver info: io.appium.java_client.android.AndroidDriver
Command: [1d7a8bd4-7633-4e1f-bbf0-3711a50ad6a7, findElement {using=xpath, value=//android.widget.ImageView[@content-desc=&amp;quot;Service&amp;quot;]}]
Capabilities {appium:appActivity: com.threeeco.driver.MainAct..., appium:appPackage: com.threeeco.driver, appium:autoGrantPermissions: true, appium:automationName: UiAutomator2, appium:databaseEnabled: false, appium:desired: {appActivity: com.threeeco.driver.MainAct..., appPackage: com.threeeco.driver, autoGrantPermissions: true, automationName: UiAutomator2, deviceName: emulator-5554, noReset: true, platformName: android}, appium:deviceApiLevel: 30, appium:deviceManufacturer: Xiaomi, appium:deviceModel: M2003J15SC, appium:deviceName: 214a95330410, appium:deviceScreenDensity: 440, appium:deviceScreenSize: 1080x2340, appium:deviceUDID: 214a95330410, appium:javascriptEnabled: true, appium:locationContextEnabled: false, appium:networkConnectionEnabled: true, appium:noReset: true, appium:pixelRatio: 2.75, appium:platformVersion: 11, appium:statBarHeight: 100, appium:takesScreenshot: true, appium:viewportRect: {height: 2010, left: 0, top: 100, width: 1080}, appium:warnings: {}, appium:webStorageEnabled: false, platformName: ANDROID}
Session ID: 1d7a8bd4-7633-4e1f-bbf0-3711a50ad6a7">
      <![CDATA[org.openqa.selenium.NoSuchElementException: An element could not be located on the page using the given search parameters.
For documentation on this error, please visit: https://selenium.dev/exceptions/#no_such_element
Build info: version: '4.8.3', revision: 'e5e76298c3'
System info: os.name: 'Windows 10', os.arch: 'amd64', os.version: '10.0', java.version: '17.0.6'
Driver info: io.appium.java_client.android.AndroidDriver
Command: [1d7a8bd4-7633-4e1f-bbf0-3711a50ad6a7, findElement {using=xpath, value=//android.widget.ImageView[@content-desc="Service"]}]
Capabilities {appium:appActivity: com.threeeco.driver.MainAct..., appium:appPackage: com.threeeco.driver, appium:autoGrantPermissions: true, appium:automationName: UiAutomator2, appium:databaseEnabled: false, appium:desired: {appActivity: com.threeeco.driver.MainAct..., appPackage: com.threeeco.driver, autoGrantPermissions: true, automationName: UiAutomator2, deviceName: emulator-5554, noReset: true, platformName: android}, appium:deviceApiLevel: 30, appium:deviceManufacturer: Xiaomi, appium:deviceModel: M2003J15SC, appium:deviceName: 214a95330410, appium:deviceScreenDensity: 440, appium:deviceScreenSize: 1080x2340, appium:deviceUDID: 214a95330410, appium:javascriptEnabled: true, appium:locationContextEnabled: false, appium:networkConnectionEnabled: true, appium:noReset: true, appium:pixelRatio: 2.75, appium:platformVersion: 11, appium:statBarHeight: 100, appium:takesScreenshot: true, appium:viewportRect: {height: 2010, left: 0, top: 100, width: 1080}, appium:warnings: {}, appium:webStorageEnabled: false, platformName: ANDROID}
Session ID: 1d7a8bd4-7633-4e1f-bbf0-3711a50ad6a7
at org.openqa.selenium.remote.codec.w3c.W3CHttpResponseCodec.createException(W3CHttpResponseCodec.java:200)
at org.openqa.selenium.remote.codec.w3c.W3CHttpResponseCodec.decode(W3CHttpResponseCodec.java:133)
at org.openqa.selenium.remote.codec.w3c.W3CHttpResponseCodec.decode(W3CHttpResponseCodec.java:53)
at org.openqa.selenium.remote.HttpCommandExecutor.execute(HttpCommandExecutor.java:193)
at io.appium.java_client.remote.AppiumCommandExecutor.execute(AppiumCommandExecutor.java:262)
at org.openqa.selenium.remote.RemoteWebDriver.execute(RemoteWebDriver.java:543)
at org.openqa.selenium.remote.ElementLocation$ElementFinder$2.findElement(ElementLocation.java:162)
at org.openqa.selenium.remote.ElementLocation.findElement(ElementLocation.java:60)
at org.openqa.selenium.remote.RemoteWebDriver.findElement(RemoteWebDriver.java:352)
at org.openqa.selenium.remote.RemoteWebDriver.findElement(RemoteWebDriver.java:344)
at _POM.Dashboard.servicesButton(Dashboard.java:35)
at TestScripts.Test_Scripts_1.completeEntireDeliver(Test_Scripts_1.java:63)
at java.base/java.util.ArrayList.forEach(ArrayList.java:1511)
... Removed 32 stack frames]]>
    </failure>
  </testcase> <!-- completeEntireDeliver -->
</testsuite> <!-- Test -->
