<?xml version="1.0" encoding="UTF-8"?>
<!-- Generated by org.testng.reporters.JUnitXMLReporter -->
<testsuite ignored="0" hostname="DESKTOP-U8HQR51" failures="0" tests="3" name="Test" time="66.964" errors="0" timestamp="2023-04-18T16:22:47 IST">
  <testcase classname="TestScripts.Test_Scripts_1" name="changeUserName" time="17.778"/>
  <testcase classname="TestScripts.Test_Scripts_1" name="scannVechile" time="21.055"/>
  <testcase classname="TestScripts.Test_Scripts_1" name="name" time="28.012"/>
</testsuite> <!-- Test -->
