<?xml version="1.0" encoding="UTF-8"?>
<testng-results ignored="1" total="18" passed="17" failed="0" skipped="0">
  <reporter-output>
  </reporter-output>
  <suite started-at="2023-04-24T18:21:11 IST" name="Suite" finished-at="2023-04-24T18:24:20 IST" duration-ms="189036">
    <groups>
      <group name="regression">
        <method signature="User_Flows.changeUserName()[pri:1, instance:TestScripts.User_Flows@4b6e2263]" name="changeUserName" class="TestScripts.User_Flows"/>
      </group> <!-- regression -->
      <group name="Smoke">
        <method signature="User_Flows.changeUserName()[pri:1, instance:TestScripts.User_Flows@4b6e2263]" name="changeUserName" class="TestScripts.User_Flows"/>
      </group> <!-- Smoke -->
    </groups>
    <test started-at="2023-04-24T18:21:11 IST" name="Test" finished-at="2023-04-24T18:24:20 IST" duration-ms="189036">
      <class name="TestScripts.User_Flows">
        <test-method is-config="true" signature="loginApplication()[pri:0, instance:TestScripts.User_Flows@4b6e2263]" started-at="2023-04-24T18:20:35 IST" name="loginApplication" finished-at="2023-04-24T18:21:11 IST" duration-ms="36110" status="PASS">
          <reporter-output>
          </reporter-output>
        </test-method> <!-- loginApplication -->
        <test-method is-config="true" signature="pageObjects()[pri:0, instance:TestScripts.User_Flows@4b6e2263]" started-at="2023-04-24T18:21:11 IST" name="pageObjects" finished-at="2023-04-24T18:21:11 IST" duration-ms="463" status="PASS">
          <reporter-output>
          </reporter-output>
        </test-method> <!-- pageObjects -->
        <test-method signature="changeUserName()[pri:1, instance:TestScripts.User_Flows@4b6e2263]" started-at="2023-04-24T18:21:11 IST" name="changeUserName" finished-at="2023-04-24T18:21:26 IST" duration-ms="14406" status="PASS">
          <reporter-output>
          </reporter-output>
        </test-method> <!-- changeUserName -->
        <test-method signature="scannVechile()[pri:2, instance:TestScripts.User_Flows@4b6e2263]" started-at="2023-04-24T18:21:26 IST" name="scannVechile" finished-at="2023-04-24T18:21:44 IST" duration-ms="18675" status="PASS">
          <reporter-output>
          </reporter-output>
        </test-method> <!-- scannVechile -->
        <test-method signature="startDelivery()[pri:3, instance:TestScripts.User_Flows@4b6e2263]" started-at="2023-04-24T18:21:44 IST" name="startDelivery" finished-at="2023-04-24T18:22:06 IST" duration-ms="21416" status="PASS">
          <reporter-output>
          </reporter-output>
        </test-method> <!-- startDelivery -->
        <test-method signature="completeEntireDeliver()[pri:4, instance:TestScripts.User_Flows@4b6e2263]" started-at="2023-04-24T18:22:06 IST" name="completeEntireDeliver" finished-at="2023-04-24T18:22:12 IST" duration-ms="5934" status="PASS">
          <reporter-output>
          </reporter-output>
        </test-method> <!-- completeEntireDeliver -->
        <test-method signature="verify_dropdownFunctionality_in_Services()[pri:5, instance:TestScripts.User_Flows@4b6e2263]" started-at="2023-04-24T18:22:12 IST" name="verify_dropdownFunctionality_in_Services" finished-at="2023-04-24T18:22:36 IST" duration-ms="24037" status="PASS">
          <reporter-output>
          </reporter-output>
        </test-method> <!-- verify_dropdownFunctionality_in_Services -->
        <test-method signature="changeProfile()[pri:6, instance:TestScripts.User_Flows@4b6e2263]" started-at="2023-04-24T18:22:36 IST" name="changeProfile" finished-at="2023-04-24T18:22:47 IST" duration-ms="11024" status="PASS">
          <reporter-output>
          </reporter-output>
        </test-method> <!-- changeProfile -->
        <test-method signature="applyForLeave_withCancelButton()[pri:7, instance:TestScripts.User_Flows@4b6e2263]" started-at="2023-04-24T18:22:47 IST" name="applyForLeave_withCancelButton" finished-at="2023-04-24T18:23:03 IST" duration-ms="16032" status="PASS">
          <reporter-output>
          </reporter-output>
        </test-method> <!-- applyForLeave_withCancelButton -->
        <test-method signature="applyForLeave_withApplyButton()[pri:8, instance:TestScripts.User_Flows@4b6e2263]" started-at="2023-04-24T18:23:03 IST" name="applyForLeave_withApplyButton" finished-at="2023-04-24T18:23:19 IST" duration-ms="16066" status="PASS">
          <reporter-output>
          </reporter-output>
        </test-method> <!-- applyForLeave_withApplyButton -->
        <test-method signature="Timesheet_flow()[pri:9, instance:TestScripts.User_Flows@4b6e2263]" started-at="2023-04-24T18:23:19 IST" name="Timesheet_flow" finished-at="2023-04-24T18:23:21 IST" duration-ms="2404" status="PASS">
          <reporter-output>
          </reporter-output>
        </test-method> <!-- Timesheet_flow -->
        <test-method signature="filterByDate_HistoryDropdown_()[pri:10, instance:TestScripts.User_Flows@4b6e2263]" started-at="2023-04-24T18:23:21 IST" name="filterByDate_HistoryDropdown_" finished-at="2023-04-24T18:23:33 IST" duration-ms="11330" status="PASS">
          <reporter-output>
          </reporter-output>
        </test-method> <!-- filterByDate_HistoryDropdown_ -->
        <test-method signature="benchMark_functionality()[pri:11, instance:TestScripts.User_Flows@4b6e2263]" started-at="2023-04-24T18:23:33 IST" name="benchMark_functionality" finished-at="2023-04-24T18:23:49 IST" duration-ms="15986" status="PASS">
          <reporter-output>
          </reporter-output>
        </test-method> <!-- benchMark_functionality -->
        <test-method signature="personalDocuments()[pri:12, instance:TestScripts.User_Flows@4b6e2263]" started-at="2023-04-24T18:23:49 IST" name="personalDocuments" finished-at="2023-04-24T18:23:54 IST" duration-ms="5753" status="PASS">
          <reporter-output>
          </reporter-output>
        </test-method> <!-- personalDocuments -->
        <test-method signature="aboutThreeEco()[pri:13, instance:TestScripts.User_Flows@4b6e2263]" started-at="2023-04-24T18:23:54 IST" name="aboutThreeEco" finished-at="2023-04-24T18:23:57 IST" duration-ms="2535" status="PASS">
          <reporter-output>
          </reporter-output>
        </test-method> <!-- aboutThreeEco -->
        <test-method signature="tandC_functionality()[pri:14, instance:TestScripts.User_Flows@4b6e2263]" started-at="2023-04-24T18:23:57 IST" name="tandC_functionality" finished-at="2023-04-24T18:24:10 IST" duration-ms="13315" status="PASS">
          <reporter-output>
          </reporter-output>
        </test-method> <!-- tandC_functionality -->
        <test-method signature="support_Functionality()[pri:15, instance:TestScripts.User_Flows@4b6e2263]" started-at="2023-04-24T18:24:10 IST" name="support_Functionality" finished-at="2023-04-24T18:24:14 IST" duration-ms="3627" status="PASS">
          <reporter-output>
          </reporter-output>
        </test-method> <!-- support_Functionality -->
        <test-method signature="historyIn_Timesheet()[pri:16, instance:TestScripts.User_Flows@4b6e2263]" started-at="2023-04-24T18:24:14 IST" name="historyIn_Timesheet" finished-at="2023-04-24T18:24:18 IST" duration-ms="3931" status="PASS">
          <reporter-output>
          </reporter-output>
        </test-method> <!-- historyIn_Timesheet -->
        <test-method signature="logout()[pri:17, instance:TestScripts.User_Flows@4b6e2263]" started-at="2023-04-24T18:24:18 IST" name="logout" finished-at="2023-04-24T18:24:20 IST" duration-ms="1975" status="PASS">
          <reporter-output>
          </reporter-output>
        </test-method> <!-- logout -->
        <test-method is-config="true" signature="tearDown()[pri:0, instance:TestScripts.User_Flows@4b6e2263]" started-at="2023-04-24T18:24:21 IST" name="tearDown" finished-at="2023-04-24T18:24:21 IST" duration-ms="466" status="PASS">
          <reporter-output>
          </reporter-output>
        </test-method> <!-- tearDown -->
      </class> <!-- TestScripts.User_Flows -->
    </test> <!-- Test -->
  </suite> <!-- Suite -->
</testng-results>
